    {
      "EventCode": "4648",
      "EventData_Xml": "<Data Name='SubjectUserSid'>NT AUTHORITY\\SYSTEM</Data><Data Name='SubjectUserName'>AYUSH$</Data><Data Name='SubjectDomainName'>WORKGROUP</Data><Data Name='SubjectLogonId'>0x3e7</Data><Data Name='LogonGuid'>{00000000-0000-0000-0000-000000000000}</Data><Data Name='TargetUserName'>873D17CD-3089-47BE-BA05-A2FF31DD6012</Data><Data Name='TargetDomainName'>NT VIRTUAL MACHINE</Data><Data Name='TargetLogonGuid'>{00000000-0000-0000-0000-000000000000}</Data><Data Name='TargetServerName'>localhost</Data><Data Name='TargetInfo'>localhost</Data><Data Name='ProcessId'>0x24d8</Data><Data Name='ProcessName'>C:\\Windows\\System32\\vmcompute.exe</Data><Data Name='IpAddress'>-</Data><Data Name='IpPort'>-</Data>",
      "EventID": "4648",
      "SubjectUserName": "AYUSH$",
      "System_Props_Xml": "<Provider Name='Microsoft-Windows-Security-Auditing' Guid='{54849625-5478-4994-a5ba-3e3b0328c30d}'/><EventID>4648</EventID><Version>0</Version><Level>0</Level><Task>12544</Task><Opcode>0</Opcode><Keywords>0x8020000000000000</Keywords><TimeCreated SystemTime='2026-08-11T15:32:24.7043458Z'/><EventRecordID>5916170</EventRecordID><Correlation ActivityID='{8eacc285-28cf-0006-c6c4-ac8ecf28dd01}'/><Execution ProcessID='1376' ThreadID='50140'/><Channel>Security</Channel><Computer>Ayush</Computer><Security/>",
      "TargetUserName": "873D17CD-3089-47BE-BA05-A2FF31DD6012",
      "host": "Ayush",
      "index": "windows",
      "linecount": "1",
      "source": "XmlWinEventLog:Security",
      "sourcetype": "XmlWinEventLog",
      "splunk_server": "Ayush",
      "_time": "2026-08-11T15:32:24.704Z"
    },
    {
      "EventCode": "4648",
      "EventData_Xml": "<Data Name='SubjectUserSid'>NT AUTHORITY\\SYSTEM</Data><Data Name='SubjectUserName'>AYUSH$</Data><Data Name='SubjectDomainName'>WORKGROUP</Data><Data Name='SubjectLogonId'>0x3e7</Data><Data Name='LogonGuid'>{00000000-0000-0000-0000-000000000000}</Data><Data Name='TargetUserName'>ayushkumbhar1111@gmail.com</Data><Data Name='TargetDomainName'>MicrosoftAccount</Data><Data Name='TargetLogonGuid'>{00000000-0000-0000-0000-000000000000}</Data><Data Name='TargetServerName'>localhost</Data><Data Name='TargetInfo'>localhost</Data><Data Name='ProcessId'>0x560</Data><Data Name='ProcessName'>C:\\Windows\\System32\\lsass.exe</Data><Data Name='IpAddress'>-</Data><Data Name='IpPort'>-</Data>",
      "EventID": "4648",
      "SubjectUserName": "AYUSH$",
      "System_Props_Xml": "<Provider Name='Microsoft-Windows-Security-Auditing' Guid='{54849625-5478-4994-a5ba-3e3b0328c30d}'/><EventID>4648</EventID><Version>0</Version><Level>0</Level><Task>12544</Task><Opcode>0</Opcode><Keywords>0x8020000000000000</Keywords><TimeCreated SystemTime='2026-08-11T15:31:44.0318774Z'/><EventRecordID>5915915</EventRecordID><Correlation/><Execution ProcessID='1376' ThreadID='62020'/><Channel>Security</Channel><Computer>Ayush</Computer><Security/>",
      "TargetUserName": "ayushkumbhar1111@gmail.com",
      "host": "Ayush",
      "index": "windows",
      "linecount": "1",
      "source": "XmlWinEventLog:Security",
      "sourcetype": "XmlWinEventLog",
      "splunk_server": "Ayush",
      "_time": "2026-08-11T15:31:44.031Z"
    },
    {
      "EventCode": "4648",
      "EventData_Xml": "<Data Name='SubjectUserSid'>NT AUTHORITY\\SYSTEM</Data><Data Name='SubjectUserName'>AYUSH$</Data><Data Name='SubjectDomainName'>WORKGROUP</Data><Data Name='SubjectLogonId'>0x3e7</Data><Data Name='LogonGuid'>{00000000-0000-0000-0000-000000000000}</Data><Data Name='TargetUserName'>ayushkumbhar1111@gmail.com</Data><Data Name='TargetDomainName'>MicrosoftAccount</Data><Data Name='TargetLogonGuid'>{00000000-0000-0000-0000-000000000000}</Data><Data Name='TargetServerName'>localhost</Data><Data Name='TargetInfo'>localhost</Data><Data Name='ProcessId'>0xbbc</Data><Data Name='ProcessName'>C:\\Windows\\System32\\svchost.exe</Data><Data Name='IpAddress'>127.0.0.1</Data><Data Name='IpPort'>0</Data>",
      "EventID": "4648",
      "SubjectUserName": "AYUSH$",
      "System_Props_Xml": "<Provider Name='Microsoft-Windows-Security-Auditing' Guid='{54849625-5478-4994-a5ba-3e3b0328c30d}'/><EventID>4648</EventID><Version>0</Version><Level>0</Level><Task>12544</Task><Opcode>0</Opcode><Keywords>0x8020000000000000</Keywords><TimeCreated SystemTime='2026-08-11T15:31:43.9686949Z'/><EventRecordID>5915903</EventRecordID><Correlation ActivityID='{8eacc285-28cf-0006-c6c4-ac8ecf28dd01}'/><Execution ProcessID='1376' ThreadID='47048'/><Channel>Security</Channel><Computer>Ayush</Computer><Security/>",
      "TargetUserName": "ayushkumbhar1111@gmail.com",
      "host": "Ayush",
      "index": "windows",
      "linecount": "1",
      "source": "XmlWinEventLog:Security",
      "sourcetype": "XmlWinEventLog",
      "splunk_server": "Ayush",
      "_time": "2026-08-11T15:31:43.968Z"
    }
  ]
}